<?xml version="1.0" encoding="UTF-8"?>
<!-- Generated by org.testng.reporters.JUnitReportReporter -->
<testsuite skipped="0" hostname="DEV_TEST_JOYDIP" name="runner.TestRunner" tests="1" failures="0" timestamp="27 Dec 2018 05:17:04 GMT" time="32.688" errors="0">
  <testcase name="feature" time="32.688" classname="runner.TestRunner"/>
</testsuite> <!-- runner.TestRunner -->
