<?xml version="1.0" encoding="UTF-8"?>
<!-- Generated by org.testng.reporters.JUnitReportReporter -->
<testsuite skipped="0" hostname="DEV_TEST_JOYDIP" name="runner.TestRunner" tests="3" failures="0" timestamp="31 Dec 2018 12:12:47 GMT" time="109.957" errors="0">
  <testcase name="feature" time="42.075" classname="runner.TestRunner"/>
  <testcase name="feature" time="34.345" classname="runner.TestRunner"/>
  <testcase name="feature" time="33.537" classname="runner.TestRunner"/>
</testsuite> <!-- runner.TestRunner -->
